<?xml version="1.0" encoding="UTF-8"?>
<!-- Generated by org.testng.reporters.JUnitReportReporter -->
<testsuite hostname="DESKTOP-37P2FQB" failures="0" tests="6" name="week6.day2.Saleforceinedge" time="-1660746496.000" errors="1" timestamp="2022-08-17T19:58:27 IST" skipped="5">
  <testcase classname="week6.day2.Saleforceinedge" name="Individuals" time="0.000">
    <skipped/>
  </testcase> <!-- Individuals -->
  <system-out/>
  <testcase classname="week6.day2.Saleforceinedge" name="Individuals" time="0.000">
    <skipped/>
  </testcase> <!-- Individuals -->
  <system-out/>
  <testcase classname="week6.day2.Saleforceinedge" name="setUp" time="-1660746496.000">
    <error message="
Parameter &#039;url&#039; is required by BeforeMethod on method setUp but has not been marked @Optional or defined
in E:\TestLeaf\Selenium\testng1.xml" type="org.testng.TestNGException">
      <![CDATA[org.testng.TestNGException: 
Parameter 'url' is required by BeforeMethod on method setUp but has not been marked @Optional or defined
in E:\TestLeaf\Selenium\testng1.xml
at org.testng.internal.Parameters.createParams(Parameters.java:270)
at org.testng.internal.Parameters.createParametersForMethod(Parameters.java:358)
at org.testng.internal.Parameters.createParameters(Parameters.java:700)
at org.testng.internal.Parameters.createConfigurationParameters(Parameters.java:168)
at org.testng.internal.ConfigInvoker.invokeConfigurations(ConfigInvoker.java:302)
at org.testng.internal.TestInvoker.runConfigMethods(TestInvoker.java:700)
at org.testng.internal.TestInvoker.invokeMethod(TestInvoker.java:527)
at org.testng.internal.TestInvoker.invokeTestMethod(TestInvoker.java:173)
at org.testng.internal.MethodRunner.runInSequence(MethodRunner.java:46)
at org.testng.internal.TestInvoker$MethodInvocationAgent.invoke(TestInvoker.java:824)
at org.testng.internal.TestInvoker.invokeTestMethods(TestInvoker.java:146)
at org.testng.internal.TestMethodWorker.invokeTestMethods(TestMethodWorker.java:146)
at org.testng.internal.TestMethodWorker.run(TestMethodWorker.java:128)
at java.base/java.util.concurrent.ThreadPoolExecutor.runWorker(ThreadPoolExecutor.java:1130)
at java.base/java.util.concurrent.ThreadPoolExecutor$Worker.run(ThreadPoolExecutor.java:630)
at java.base/java.lang.Thread.run(Thread.java:831)
]]>
    </error>
  </testcase> <!-- setUp -->
  <system-out/>
  <testcase classname="week6.day2.Saleforceinedge" name="Individuals" time="0.000">
    <skipped/>
  </testcase> <!-- Individuals -->
  <system-out/>
  <testcase classname="week6.day2.Saleforceinedge" name="Individuals" time="0.000">
    <skipped/>
  </testcase> <!-- Individuals -->
  <system-out/>
  <testcase classname="week6.day2.Saleforceinedge" name="Individuals" time="0.000">
    <skipped/>
  </testcase> <!-- Individuals -->
  <system-out/>
</testsuite> <!-- week6.day2.Saleforceinedge -->
